[35m[1m______
| ___ \
| |_/ /  ___   ___
| ___ \ / _ \ / _ \
| |_/ /|  __/|  __/
\____/  \___| \___| v1.10.0
[21m[0m2019/05/11 14:23:32 [34m[1mINFO    [21m[0m ▶ 0001 Using 'quickstart' as 'appname'
2019/05/11 14:23:32 [34m[1mINFO    [21m[0m ▶ 0002 Initializing watcher...
2019/05/11 14:23:33 [32m[1mSUCCESS [21m[0m ▶ 0003 Built Successfully!
2019/05/11 14:23:33 [34m[1mINFO    [21m[0m ▶ 0004 Restarting 'quickstart'...
2019/05/11 14:23:33 [32m[1mSUCCESS [21m[0m ▶ 0005 './quickstart' is running...
2019/05/11 14:23:33.398 [1;34m[I][0m [asm_amd64.s:1337]  http server Running on http://:8080
{
  "object_kind": "push",
  "before": "95790bf891e76fee5e1747ab589903a6a1f80f22",
  "after": "da1560886d4f094c3e6c9ef40349f7d38b5d27d7",
  "ref": "refs/heads/master",
  "checkout_sha": "da1560886d4f094c3e6c9ef40349f7d38b5d27d7",
  "user_id": 4,
  "user_name": "John Smith",
  "user_username": "jsmith",
  "user_email": "john@example.com",
  "user_avatar": "https://s.gravatar.com/avatar/d4c74594d841139328695756648b6bd6?s=8://s.gravatar.com/avatar/d4c74594d841139328695756648b6bd6?s=80",
  "project_id": 15,
  "project":{
    "id": 15,
    "name":"Diaspora",
    "description":"",
    "web_url":"http://example.com/mike/diaspora",
    "avatar_url":null,
    "git_ssh_url":"git@example.com:mike/diaspora.git",
    "git_http_url":"http://example.com/mike/diaspora.git",
    "namespace":"Mike",
    "visibility_level":0,
    "path_with_namespace":"mike/diaspora",
    "default_branch":"master",
    "homepage":"http://example.com/mike/diaspora",
    "url":"git@example.com:mike/diaspora.git",
    "ssh_url":"git@example.com:mike/diaspora.git",
    "http_url":"http://example.com/mike/diaspora.git"
  },
  "repository":{
    "name": "Diaspora",
    "url": "git@example.com:mike/diaspora.git",
    "description": "",
    "homepage": "http://example.com/mike/diaspora",
    "git_http_url":"http://example.com/mike/diaspora.git",
    "git_ssh_url":"git@example.com:mike/diaspora.git",
    "visibility_level":0
  },
  "commits": [
    {
      "id": "b6568db1bc1dcd7f8b4d5a946b0b91f9dacd7327",
      "message": "Update Catalan translation to e38cb41.",
      "timestamp": "2011-12-12T14:27:31+02:00",
      "url": "http://example.com/mike/diaspora/commit/b6568db1bc1dcd7f8b4d5a946b0b91f9dacd7327",
      "author": {
        "name": "Jordi Mallach",
        "email": "jordi@softcatala.org"
      },
      "added": ["CHANGELOG"],
      "modified": ["app/controller/application.rb"],
      "removed": []
    },
    {
      "id": "da1560886d4f094c3e6c9ef40349f7d38b5d27d7",
      "message": "fixed readme",
      "timestamp": "2012-01-03T23:36:29+02:00",
      "url": "http://example.com/mike/diaspora/commit/da1560886d4f094c3e6c9ef40349f7d38b5d27d7",
      "author": {
        "name": "GitLab dev user",
        "email": "gitlabdev@dv6700.(none)"
      },
      "added": ["CHANGELOG"],
      "modified": ["app/controller/application.rb"],
      "removed": []
    }
  ],
  "total_commits_count": 4
}
这是一个webhook的测试
2019/05/11 14:29:50.717 [1;44m[D][0m [server.go:2774]  |  112.44.72.164|[97;42m 200 [0m|    411.207µs|   match|[97;46m POST    [0m /webhook   r:/webhook
2019/05/11 14:34:10.349 [1;44m[D][0m [server.go:2774]  |  47.106.166.51|[97;43m 404 [0m|    244.895µs| nomatch|[97;44m GET     [0m /  
2019/05/11 14:39:19.879 [1;44m[D][0m [server.go:2774]  |   183.61.51.62|[97;42m 200 [0m|     22.981µs|   match|[97;44m GET     [0m /webhook   r:/webhook
2019/05/11 14:40:19.078 [1;44m[D][0m [server.go:2774]  | 61.151.178.177|[97;42m 200 [0m|     29.275µs|   match|[97;44m GET     [0m /webhook   r:/webhook
{"zen":"Encourage flow.","hook_id":108898227,"hook":{"type":"Repository","id":108898227,"name":"web","active":true,"events":["*"],"config":{"content_type":"json","insecure_ssl":"0","url":"http://47.106.33.43:8080/webhook"},"updated_at":"2019-05-11T06:44:41Z","created_at":"2019-05-11T06:44:41Z","url":"https://api.github.com/repos/m15708479978/sss/hooks/108898227","test_url":"https://api.github.com/repos/m15708479978/sss/hooks/108898227/test","ping_url":"https://api.github.com/repos/m15708479978/sss/hooks/108898227/pings","last_response":{"code":null,"status":"unused","message":null}},"repository":{"id":133936730,"node_id":"MDEwOlJlcG9zaXRvcnkxMzM5MzY3MzA=","name":"sss","full_name":"m15708479978/sss","private":false,"owner":{"login":"m15708479978","id":32998176,"node_id":"MDQ6VXNlcjMyOTk4MTc2","avatar_url":"https://avatars1.githubusercontent.com/u/32998176?v=4","gravatar_id":"","url":"https://api.github.com/users/m15708479978","html_url":"https://github.com/m15708479978","followers_url":"https://api.github.com/users/m15708479978/followers","following_url":"https://api.github.com/users/m15708479978/following{/other_user}","gists_url":"https://api.github.com/users/m15708479978/gists{/gist_id}","starred_url":"https://api.github.com/users/m15708479978/starred{/owner}{/repo}","subscriptions_url":"https://api.github.com/users/m15708479978/subscriptions","organizations_url":"https://api.github.com/users/m15708479978/orgs","repos_url":"https://api.github.com/users/m15708479978/repos","events_url":"https://api.github.com/users/m15708479978/events{/privacy}","received_events_url":"https://api.github.com/users/m15708479978/received_events","type":"User","site_admin":false},"html_url":"https://github.com/m15708479978/sss","description":null,"fork":false,"url":"https://api.github.com/repos/m15708479978/sss","forks_url":"https://api.github.com/repos/m15708479978/sss/forks","keys_url":"https://api.github.com/repos/m15708479978/sss/keys{/key_id}","collaborators_url":"https://api.github.com/repos/m15708479978/sss/collaborators{/collaborator}","teams_url":"https://api.github.com/repos/m15708479978/sss/teams","hooks_url":"https://api.github.com/repos/m15708479978/sss/hooks","issue_events_url":"https://api.github.com/repos/m15708479978/sss/issues/events{/number}","events_url":"https://api.github.com/repos/m15708479978/sss/events","assignees_url":"https://api.github.com/repos/m15708479978/sss/assignees{/user}","branches_url":"https://api.github.com/repos/m15708479978/sss/branches{/branch}","tags_url":"https://api.github.com/repos/m15708479978/sss/tags","blobs_url":"https://api.github.com/repos/m15708479978/sss/git/blobs{/sha}","git_tags_url":"https://api.github.com/repos/m15708479978/sss/git/tags{/sha}","git_refs_url":"https://api.github.com/repos/m15708479978/sss/git/refs{/sha}","trees_url":"https://api.github.com/repos/m15708479978/sss/git/trees{/sha}","statuses_url":"https://api.github.com/repos/m15708479978/sss/statuses/{sha}","languages_url":"https://api.github.com/repos/m15708479978/sss/languages","stargazers_url":"https://api.github.com/repos/m15708479978/sss/stargazers","contributors_url":"https://api.github.com/repos/m15708479978/sss/contributors","subscribers_url":"https://api.github.com/repos/m15708479978/sss/subscribers","subscription_url":"https://api.github.com/repos/m15708479978/sss/subscription","commits_url":"https://api.github.com/repos/m15708479978/sss/commits{/sha}","git_commits_url":"https://api.github.com/repos/m15708479978/sss/git/commits{/sha}","comments_url":"https://api.github.com/repos/m15708479978/sss/comments{/number}","issue_comment_url":"https://api.github.com/repos/m15708479978/sss/issues/comments{/number}","contents_url":"https://api.github.com/repos/m15708479978/sss/contents/{+path}","compare_url":"https://api.github.com/repos/m15708479978/sss/compare/{base}...{head}","merges_url":"https://api.github.com/repos/m15708479978/sss/merges","archive_url":"https://api.github.com/repos/m15708479978/sss/{archive_format}{/ref}","downloads_url":"https://api.github.com/repos/m15708479978/sss/downloads","issues_url":"https://api.github.com/repos/m15708479978/sss/issues{/number}","pulls_url":"https://api.github.com/repos/m15708479978/sss/pulls{/number}","milestones_url":"https://api.github.com/repos/m15708479978/sss/milestones{/number}","notifications_url":"https://api.github.com/repos/m15708479978/sss/notifications{?since,all,participating}","labels_url":"https://api.github.com/repos/m15708479978/sss/labels{/name}","releases_url":"https://api.github.com/repos/m15708479978/sss/releases{/id}","deployments_url":"https://api.github.com/repos/m15708479978/sss/deployments","created_at":"2018-05-18T09:57:22Z","updated_at":"2018-05-18T09:57:22Z","pushed_at":"2018-05-18T09:57:23Z","git_url":"git://github.com/m15708479978/sss.git","ssh_url":"git@github.com:m15708479978/sss.git","clone_url":"https://github.com/m15708479978/sss.git","svn_url":"https://github.com/m15708479978/sss","homepage":null,"size":0,"stargazers_count":0,"watchers_count":0,"language":null,"has_issues":true,"has_projects":true,"has_downloads":true,"has_wiki":true,"has_pages":false,"forks_count":0,"mirror_url":null,"archived":false,"disabled":false,"open_issues_count":0,"license":null,"forks":0,"open_issues":0,"watchers":0,"default_branch":"master"},"sender":{"login":"m15708479978","id":32998176,"node_id":"MDQ6VXNlcjMyOTk4MTc2","avatar_url":"https://avatars1.githubusercontent.com/u/32998176?v=4","gravatar_id":"","url":"https://api.github.com/users/m15708479978","html_url":"https://github.com/m15708479978","followers_url":"https://api.github.com/users/m15708479978/followers","following_url":"https://api.github.com/users/m15708479978/following{/other_user}","gists_url":"https://api.github.com/users/m15708479978/gists{/gist_id}","starred_url":"https://api.github.com/users/m15708479978/starred{/owner}{/repo}","subscriptions_url":"https://api.github.com/users/m15708479978/subscriptions","organizations_url":"https://api.github.com/users/m15708479978/orgs","repos_url":"https://api.github.com/users/m15708479978/repos","events_url":"https://api.github.com/users/m15708479978/events{/privacy}","received_events_url":"https://api.github.com/users/m15708479978/received_events","type":"User","site_admin":false}}
这是一个webhook的测试
2019/05/11 14:44:42.168 [1;44m[D][0m [server.go:2774]  |  140.82.115.71|[97;42m 200 [0m|    503.158µs|   match|[97;46m POST    [0m /webhook   r:/webhook
